2021-01-04 13:22:07 INFO  RunCrud:12 - .......Hibernate Crud Operations Example.......

2021-01-04 13:22:07 INFO  RunCrud:14 - 
=======CREATE RECORDS=======

2021-01-04 13:23:34 INFO  RunCrud:12 - .......Hibernate Crud Operations Example.......

2021-01-04 13:23:34 INFO  RunCrud:14 - 
=======CREATE RECORDS=======

2021-01-04 13:30:03 INFO  RunCrud:12 - .......Hibernate Crud Operations Example.......

2021-01-04 13:30:03 INFO  RunCrud:14 - 
=======CREATE RECORDS=======

2021-01-04 13:33:19 INFO  RunCrud:12 - .......Hibernate Crud Operations Example.......

2021-01-04 13:33:19 INFO  RunCrud:14 - 
=======CREATE RECORDS=======

2021-01-04 13:33:22 INFO  StudentDAO:45 - 
Successfully Created '5' Records In The Database!

2021-01-04 13:35:16 INFO  RunCrud:15 - .......Hibernate Crud Operations Example.......

2021-01-04 13:35:16 INFO  RunCrud:20 - 
=======READ RECORDS=======

2021-01-04 13:35:19 INFO  RunCrud:24 - Id = 1, Name = Editor 101, Course = Bachelor Of Technology
2021-01-04 13:35:19 INFO  RunCrud:24 - Id = 2, Name = Editor 102, Course = Bachelor Of Technology
2021-01-04 13:35:19 INFO  RunCrud:24 - Id = 3, Name = Editor 103, Course = Bachelor Of Technology
2021-01-04 13:35:19 INFO  RunCrud:24 - Id = 4, Name = Editor 104, Course = Bachelor Of Technology
2021-01-04 13:35:19 INFO  RunCrud:24 - Id = 5, Name = Editor 105, Course = Bachelor Of Technology
2021-01-04 13:36:42 INFO  RunCrud:15 - .......Hibernate Crud Operations Example.......

2021-01-04 13:36:42 INFO  RunCrud:20 - 
=======READ RECORDS=======

2021-01-04 13:36:44 INFO  RunCrud:24 - Id = 1, Name = Editor 101, Course = Bachelor Of Technology
2021-01-04 13:36:44 INFO  RunCrud:24 - Id = 2, Name = Editor 102, Course = Bachelor Of Technology
2021-01-04 13:36:44 INFO  RunCrud:24 - Id = 3, Name = Editor 103, Course = Bachelor Of Technology
2021-01-04 13:36:44 INFO  RunCrud:24 - Id = 4, Name = Editor 104, Course = Bachelor Of Technology
2021-01-04 13:36:44 INFO  RunCrud:24 - Id = 5, Name = Editor 105, Course = Bachelor Of Technology
2021-01-04 13:36:44 INFO  RunCrud:27 - 
=======UPDATE RECORDS=======

2021-01-04 13:36:44 INFO  StudentDAO:92 - 
Student With Id?= 1 Is Successfully Updated In The Database!

2021-01-04 13:36:44 INFO  RunCrud:29 - 
=======READ RECORDS AFTER UPDATION=======

2021-01-04 13:36:44 INFO  RunCrud:33 - Id = 1, Name = Java Code Geek, Course = Masters Of Technology
2021-01-04 13:36:44 INFO  RunCrud:33 - Id = 2, Name = Editor 102, Course = Bachelor Of Technology
2021-01-04 13:36:44 INFO  RunCrud:33 - Id = 3, Name = Editor 103, Course = Bachelor Of Technology
2021-01-04 13:36:44 INFO  RunCrud:33 - Id = 4, Name = Editor 104, Course = Bachelor Of Technology
2021-01-04 13:36:44 INFO  RunCrud:33 - Id = 5, Name = Editor 105, Course = Bachelor Of Technology
2021-01-04 13:38:11 INFO  RunCrud:15 - .......Hibernate Crud Operations Example.......

2021-01-04 13:38:11 INFO  RunCrud:20 - 
=======READ RECORDS=======

2021-01-04 13:38:14 INFO  RunCrud:24 - Id = 1, Name = Java Code Geek, Course = Masters Of Technology
2021-01-04 13:38:14 INFO  RunCrud:24 - Id = 2, Name = Editor 102, Course = Bachelor Of Technology
2021-01-04 13:38:14 INFO  RunCrud:24 - Id = 3, Name = Editor 103, Course = Bachelor Of Technology
2021-01-04 13:38:14 INFO  RunCrud:24 - Id = 4, Name = Editor 104, Course = Bachelor Of Technology
2021-01-04 13:38:14 INFO  RunCrud:24 - Id = 5, Name = Editor 105, Course = Bachelor Of Technology
2021-01-04 13:38:14 INFO  RunCrud:27 - 
=======UPDATE RECORDS=======

2021-01-04 13:38:14 INFO  StudentDAO:92 - 
Student With Id?= 1 Is Successfully Updated In The Database!

2021-01-04 13:38:14 INFO  RunCrud:29 - 
=======READ RECORDS AFTER UPDATION=======

2021-01-04 13:38:14 INFO  RunCrud:33 - Id = 1, Name = Java Code Geek, Course = Masters Of Technology
2021-01-04 13:38:14 INFO  RunCrud:33 - Id = 2, Name = Editor 102, Course = Bachelor Of Technology
2021-01-04 13:38:14 INFO  RunCrud:33 - Id = 3, Name = Editor 103, Course = Bachelor Of Technology
2021-01-04 13:38:14 INFO  RunCrud:33 - Id = 4, Name = Editor 104, Course = Bachelor Of Technology
2021-01-04 13:38:14 INFO  RunCrud:33 - Id = 5, Name = Editor 105, Course = Bachelor Of Technology
2021-01-04 13:38:14 INFO  RunCrud:36 - 
=======DELETE RECORD=======

2021-01-04 13:38:15 INFO  StudentDAO:115 - 
Student With Id?= 5 Is Successfully Deleted From The Database!

2021-01-04 13:38:15 INFO  RunCrud:38 - 
=======READ RECORDS AFTER DELETION=======

2021-01-04 13:38:15 INFO  RunCrud:41 - Id = 1, Name = Java Code Geek, Course = Masters Of Technology
2021-01-04 13:38:15 INFO  RunCrud:41 - Id = 2, Name = Editor 102, Course = Bachelor Of Technology
2021-01-04 13:38:15 INFO  RunCrud:41 - Id = 3, Name = Editor 103, Course = Bachelor Of Technology
2021-01-04 13:38:15 INFO  RunCrud:41 - Id = 4, Name = Editor 104, Course = Bachelor Of Technology
